<?xml version="1.0" encoding="UTF-8"?>
<!-- Generated by org.testng.reporters.JUnitReportReporter -->
<testsuite skipped="0" hostname="DESKTOP-OFQJ880" name="Academy.validateTitle" tests="1" failures="0" timestamp="2020-06-22T00:07:41 IST" time="0.216" errors="0">
  <testcase name="basepage" time="0.216" classname="Academy.validateTitle"/>
  <system-out/>
</testsuite> <!-- Academy.validateTitle -->
