<?xml version="1.0" encoding="UTF-8"?>
<!-- Generated by org.testng.reporters.JUnitReportReporter -->
<testsuite skipped="0" hostname="DESKTOP-OFQJ880" name="Academy.validateNavigationPage" tests="1" failures="0" timestamp="2020-06-22T00:07:41 IST" time="5.650" errors="0">
  <testcase name="basepage" time="5.650" classname="Academy.validateNavigationPage"/>
  <system-out/>
</testsuite> <!-- Academy.validateNavigationPage -->
